<?xml version="1.0" encoding="UTF-8"?>
<testng-results ignored="0" total="1" passed="1" failed="0" skipped="0">
  <reporter-output>
  </reporter-output>
  <suite started-at="2019-07-06T04:34:36Z" name="Default suite" finished-at="2019-07-06T04:35:01Z" duration-ms="24759">
    <groups>
    </groups>
    <test started-at="2019-07-06T04:34:36Z" name="Default test" finished-at="2019-07-06T04:35:01Z" duration-ms="24759">
      <class name="practicescript">
        <test-method signature="executionfirst()[pri:1, instance:practicescript@51931956]" started-at="2019-07-06T04:34:36Z" name="executionfirst" finished-at="2019-07-06T04:35:01Z" duration-ms="24735" status="PASS">
          <reporter-output>
          </reporter-output>
        </test-method> <!-- executionfirst -->
      </class> <!-- practicescript -->
    </test> <!-- Default test -->
  </suite> <!-- Default suite -->
</testng-results>
